<?xml version="1.0" encoding="UTF-8"?>
<testsuite name="com.webshop.model.ItemFactoryTest" tests="4" skipped="0" failures="0" errors="0" timestamp="2019-08-21T17:55:35" hostname="DESKTOP-NFD4U68" time="0.009">
  <properties/>
  <testcase name="createMovie" classname="com.webshop.model.ItemFactoryTest" time="0.008"/>
  <testcase name="createBook" classname="com.webshop.model.ItemFactoryTest" time="0.0"/>
  <testcase name="createGame" classname="com.webshop.model.ItemFactoryTest" time="0.0"/>
  <testcase name="createItem" classname="com.webshop.model.ItemFactoryTest" time="0.0"/>
  <system-out><![CDATA[]]></system-out>
  <system-err><![CDATA[]]></system-err>
</testsuite>
